1561195740108	mozrunner::runner	INFO	Running command: "D:\\Program Files (x86)\\Mozilla Firefox\\firefox.exe" "-marionette" "-foreground" "-no-remote" "-profile" "C:\\Users\\sunyuebo\\AppData\\Local\\Temp\\rust_mozprofile.LpbRaifBOnr1"
1561195741640	addons.webextension.screenshots@mozilla.org	WARN	Loading extension 'screenshots@mozilla.org': Reading manifest: Invalid extension permission: mozillaAddons
1561195741640	addons.webextension.screenshots@mozilla.org	WARN	Loading extension 'screenshots@mozilla.org': Reading manifest: Invalid extension permission: resource://pdf.js/
1561195741640	addons.webextension.screenshots@mozilla.org	WARN	Loading extension 'screenshots@mozilla.org': Reading manifest: Invalid extension permission: about:reader*
1561195743463	Marionette	INFO	Listening on port 59433
1561195743587	Marionette	WARN	TLS certificate errors will be ignored for this session
JavaScript error: http://www.moore.ren/src/js/sendcloud/subscribe.js, line 1: TypeError: e is null
JavaScript error: http://www.moore.ren/src/js/sendcloud/subscribe.js, line 1: TypeError: e is null
[Parent 16272, Gecko_IOThread] WARNING: pipe error: 109: file z:/task_1558035249/build/src/ipc/chromium/src/chrome/common/ipc_channel_win.cc, line 341
[Chi
###!!! [Parent][MessageChannel] Error: (msgtype=0x1F0099,name=PBrowser::Msg_UpdateNativeWindowHandle) Closed channel: cannot send/recv


###!!! [Parent][MessageChannel] Error: (msgtype=0x1F0088,name=PBrowser::Msg_Destroy) Closed channel: cannot send/recv

ld 17168, Chrome_ChildThread] WARNING: pipe error: 109: file z:/task_1558035249/build/src/ipc/chromium/src/chrome/common/ipc_channel_win.cc, line 341
[Child 17168, Chrome_ChildThread] WARNING: pipe error: 109: file z:/task_1558035249/build/src/ipc/chromium/src/chrome/common/ipc_channel_win.cc, line 341

###!!! [Child][MessageChannel] Error: (msgtype=0x1F0001,name=PBrowser::Msg_AsyncMessage) Closed channel: cannot send/recv

JavaScript error: resource:///actors/AboutReaderChild.jsm, line 80: NS_ERROR_UNEXPECTED: 
[Parent 16272, Gecko_IOThread] WARNING: pipe error: 109: file z:/task_1558035249/build/src/ipc/chromium/src/chrome/common/ipc_channel_win.cc, line 341
[Child 16800, Chrome_ChildThread] WARNING: pipe error: 109: file z:/task_1558035249/build/src/ipc/chromium/src/chrome/common/ipc_channel_win.cc, line 341
[Child 16800, Chrome_ChildThread] WARNING: pipe error: 109: file z:/task_1558035249/build/s
###!!! [Child][MessageChannel] Error: (msgtype=0x1F002E,name=PBrowser::Msg_SetInputContext) Closed channel: cannot send/recv


###!!! [Child][MessageChannel] Error: (msgtype=0x360113,name=PContent::Msg_DetachBrowsingContext) Closed channel: cannot send/recv

/src/ipc/chromium/src/chrome/common/ipc_channel_win.cc, line 341
[Child 14048, Chr
###!!! [Parent][MessageChannel] Error: (msgtype=0x1F0099,name=PBrowser::Msg_UpdateNativeWindowHandle) Closed channel: cannot send/recv

ome_ChildThread] WARNING: pipe er
###!!! [Parent][MessageChannel] Error: (msgtype=0x1F0088,name=PBrowser::Msg_Destroy) Closed channel: cannot send/recv

ror: 109: file z:/task_1558035249/build/src/ipc/chromium/src/chrome/common/ipc_channel_win.cc, line 341
[Child 14048, Chrome_ChildThread] WARNING: pipe error: 109: file z:/task_1558035249/build/src/ipc/chromium/src/chrome/common/ipc_channel_win.cc, line 341

###!!! [Child][MessageChannel] Error: (msgtype=0x1F0001,name=PBrowser::Msg_AsyncMessage) Closed channel: cannot send/recv

JavaScript error: resource:///actors/AboutReaderChild.jsm, line 80: NS_ERROR_UNEXPECTED: 

###!!! [Child][MessageChannel] Error: (msgtype=0x1F002E,name=PBrowser::Msg_SetInputContext) Closed channel: cannot send/recv


###!!! [Child][Message[Parent 1404, Gecko_IOThread] WARNING: pipe error: 109: file z:/task_1558035249/build/src/ipc/chromium/src/chrome/common/ipc_channel_win.cc, line 341
[Child 15952, C
###!!! [Parent][MessageChannel] Error: (msgtype=0x1F0099,name=PBrowser::Msg_UpdateNativeWindowHandle) Closed channel: cannot send/recv


###!!! [Parent][MessageChannel] Error: (msgtype=0x1F0088,name=PBrowser::Msg_Destroy) Closed channel: cannot send/recv

hrome_ChildThread] WARNING: pipe error: 109: file z:/task_1558035249/build/src/ipc/chromium/src/chrome/common/ipc_channel_win.cc, line 341

###!!! [Child][MessageChannel] Error: (msgtype=0x1F0001,name=PBrowser::Msg_AsyncMessage) Closed channel: cannot send/recv

JavaScript error: resource:///actors/AboutReaderChild.jsm, line 80: NS_ERROR_UNEXPECTED: 

###!!! [Child][MessageChannel] Erro[Parent 4960, Gecko_IOThread] WARNING: pipe error: 109: file z:/task_1558035249/build/src/ipc/chromium/src/chrome/common/ipc_channel_win.cc, line 341
[Child 2852, Chrome_
###!!! [Parent][MessageChannel] Error: (msgtype=0x1F0099,name=PBrowser::Msg_UpdateNativeWindowHandle) Closed channel: cannot send/recv


###!!! [Parent][MessageChannel] Error: (msgtype=0x1F0088,name=PBrow[Child 13828, Chrome_ChildThread] WARNING: pipe error: 109: file z:/task_1558035249/build/src/ipc/chromium/src/chrome/common/ipc_channel_win.cc, line 341
[Child 13828, Chrome_ChildThread] WARNING: pipe error: 109: file z:/task_1558035249/build/src/ipc/chromium/src/chrome/common/ipc_channel_win.cc, line 341
n/ipc_channel_win.cc, line 341

###!!! [Child][MessageChannel] Error: (msgtype=0x1F0001,name=PBrowser::Msg_AsyncMessage) Closed channel: cannot send/recv

JavaScript error: resource:///actors/AboutReaderChild.jsm, line 80: NS_ERROR_UNEXPECTED: 

###!!! [Child][MessageChannel] Error: (msgtype=0x1F002E,name=PBrowser::Msg_SetInputContext) Closed channel: cannot send/recv


###!!! [Child][MessageChannel] Error: (msgtype=0x360113,name=PContent::Msg_DetachBrowsingContext) Closed channel: cannot send/recv

